<?xml version="1.0" encoding="UTF-8"?>
<!-- Generated by org.testng.reporters.JUnitReportReporter -->
<testsuite hostname="DESKTOP-R2AVVQT" failures="0" tests="1" name="tutorialsninja.register.TC_RF_001" time="9.449" errors="0" timestamp="2025-10-02T19:31:30 IST" skipped="0">
  <testcase classname="tutorialsninja.register.TC_RF_001" name="verifyRegisteringWithMandatoryFields" time="9.449"/>
</testsuite> <!-- tutorialsninja.register.TC_RF_001 -->
