<?xml version="1.0" encoding="UTF-8"?>
<!-- Generated by org.testng.reporters.JUnitReportReporter -->
<testsuite hostname="DESKTOP-R2AVVQT" failures="0" tests="1" name="tutorialsninja.register.TC_RF_004" time="6.315" errors="0" timestamp="2025-10-05T22:50:04 IST" skipped="0">
  <testcase classname="tutorialsninja.register.TC_RF_004" name="verifyRegisteringAccountWithoutFillingFields" time="6.315"/>
</testsuite> <!-- tutorialsninja.register.TC_RF_004 -->
